2019-08-30 10:48:12,481 [INFO]- ======== RUN CRAWL DATA-2019-08-30 10:48:12.481575 =========
2019-08-30 10:48:12,486 [DEBUG]- Starting new HTTPS connection (1): itviec.com:443
2019-08-30 10:48:13,019 [DEBUG]- https://itviec.com:443 "GET /it-jobs?page=1 HTTP/1.1" 200 None
2019-08-30 10:48:21,684 [DEBUG]- Starting new HTTPS connection (1): itviec.com:443
2019-08-30 10:48:22,149 [DEBUG]- https://itviec.com:443 "GET /it-jobs?page=2 HTTP/1.1" 200 None
2019-08-30 10:48:31,790 [DEBUG]- Starting new HTTPS connection (1): itviec.com:443
2019-08-30 10:48:32,211 [DEBUG]- https://itviec.com:443 "GET /it-jobs?page=3 HTTP/1.1" 200 None
2019-08-30 10:48:40,656 [DEBUG]- Starting new HTTPS connection (1): itviec.com:443
2019-08-30 10:48:41,084 [DEBUG]- https://itviec.com:443 "GET /it-jobs?page=4 HTTP/1.1" 200 None
2019-08-30 10:48:49,695 [DEBUG]- Starting new HTTPS connection (1): itviec.com:443
2019-08-30 10:48:50,092 [DEBUG]- https://itviec.com:443 "GET /it-jobs?page=5 HTTP/1.1" 200 None
2019-08-30 10:48:58,794 [DEBUG]- Starting new HTTPS connection (1): itviec.com:443
2019-08-30 10:48:59,279 [DEBUG]- https://itviec.com:443 "GET /it-jobs?page=6 HTTP/1.1" 200 None
2019-08-30 10:49:07,689 [DEBUG]- Starting new HTTPS connection (1): itviec.com:443
2019-08-30 10:49:08,190 [DEBUG]- https://itviec.com:443 "GET /it-jobs?page=7 HTTP/1.1" 200 None
2019-08-30 10:49:16,887 [DEBUG]- Starting new HTTPS connection (1): itviec.com:443
2019-08-30 10:49:17,307 [DEBUG]- https://itviec.com:443 "GET /it-jobs?page=8 HTTP/1.1" 200 None
2019-08-30 10:49:29,122 [DEBUG]- Starting new HTTPS connection (1): itviec.com:443
2019-08-30 10:49:29,621 [DEBUG]- https://itviec.com:443 "GET /it-jobs?page=9 HTTP/1.1" 200 None
2019-08-30 10:49:39,201 [DEBUG]- Starting new HTTPS connection (1): itviec.com:443
2019-08-30 10:49:39,637 [DEBUG]- https://itviec.com:443 "GET /it-jobs?page=10 HTTP/1.1" 200 None
2019-08-30 10:49:48,420 [DEBUG]- Starting new HTTPS connection (1): itviec.com:443
2019-08-30 10:49:48,881 [DEBUG]- https://itviec.com:443 "GET /it-jobs?page=11 HTTP/1.1" 200 None
2019-08-30 10:49:57,330 [DEBUG]- Starting new HTTPS connection (1): itviec.com:443
2019-08-30 10:49:57,833 [DEBUG]- https://itviec.com:443 "GET /it-jobs?page=12 HTTP/1.1" 200 None
2019-08-30 10:50:06,575 [DEBUG]- Starting new HTTPS connection (1): itviec.com:443
2019-08-30 10:50:07,069 [DEBUG]- https://itviec.com:443 "GET /it-jobs?page=13 HTTP/1.1" 200 None
2019-08-30 10:50:16,242 [DEBUG]- Starting new HTTPS connection (1): itviec.com:443
2019-08-30 10:50:16,719 [DEBUG]- https://itviec.com:443 "GET /it-jobs?page=14 HTTP/1.1" 200 None
2019-08-30 10:50:25,930 [DEBUG]- Starting new HTTPS connection (1): itviec.com:443
2019-08-30 10:50:26,323 [DEBUG]- https://itviec.com:443 "GET /it-jobs?page=15 HTTP/1.1" 200 None
2019-08-30 10:50:34,645 [DEBUG]- Starting new HTTPS connection (1): itviec.com:443
2019-08-30 10:50:35,065 [DEBUG]- https://itviec.com:443 "GET /it-jobs?page=16 HTTP/1.1" 200 None
2019-08-30 10:50:43,872 [DEBUG]- Starting new HTTPS connection (1): itviec.com:443
2019-08-30 10:50:44,298 [DEBUG]- https://itviec.com:443 "GET /it-jobs?page=17 HTTP/1.1" 200 None
2019-08-30 10:50:53,293 [DEBUG]- Starting new HTTPS connection (1): itviec.com:443
2019-08-30 10:50:53,715 [DEBUG]- https://itviec.com:443 "GET /it-jobs?page=18 HTTP/1.1" 200 None
2019-08-30 10:51:02,691 [DEBUG]- Starting new HTTPS connection (1): itviec.com:443
2019-08-30 10:51:03,222 [DEBUG]- https://itviec.com:443 "GET /it-jobs?page=19 HTTP/1.1" 200 None
2019-08-30 10:51:11,851 [DEBUG]- Starting new HTTPS connection (1): itviec.com:443
2019-08-30 10:51:12,242 [DEBUG]- https://itviec.com:443 "GET /it-jobs?page=20 HTTP/1.1" 200 None
2019-08-30 10:51:20,882 [DEBUG]- Starting new HTTPS connection (1): itviec.com:443
2019-08-30 10:51:21,326 [DEBUG]- https://itviec.com:443 "GET /it-jobs?page=21 HTTP/1.1" 200 None
2019-08-30 10:51:30,085 [DEBUG]- Starting new HTTPS connection (1): itviec.com:443
2019-08-30 10:51:30,569 [DEBUG]- https://itviec.com:443 "GET /it-jobs?page=22 HTTP/1.1" 200 None
2019-08-30 10:51:39,031 [DEBUG]- Starting new HTTPS connection (1): itviec.com:443
2019-08-30 10:51:39,421 [DEBUG]- https://itviec.com:443 "GET /it-jobs?page=23 HTTP/1.1" 200 None
2019-08-30 10:51:47,377 [DEBUG]- Starting new HTTPS connection (1): itviec.com:443
2019-08-30 10:51:47,752 [DEBUG]- https://itviec.com:443 "GET /it-jobs?page=24 HTTP/1.1" 200 None
2019-08-30 10:51:55,250 [DEBUG]- Starting new HTTPS connection (1): itviec.com:443
2019-08-30 10:51:55,706 [DEBUG]- https://itviec.com:443 "GET /it-jobs?page=25 HTTP/1.1" 200 None
2019-08-30 10:52:04,266 [DEBUG]- Starting new HTTPS connection (1): itviec.com:443
2019-08-30 10:52:04,657 [DEBUG]- https://itviec.com:443 "GET /it-jobs?page=26 HTTP/1.1" 200 None
2019-08-30 10:52:12,461 [DEBUG]- Starting new HTTPS connection (1): itviec.com:443
2019-08-30 10:52:12,920 [DEBUG]- https://itviec.com:443 "GET /it-jobs?page=27 HTTP/1.1" 200 None
2019-08-30 10:52:21,075 [DEBUG]- Starting new HTTPS connection (1): itviec.com:443
2019-08-30 10:52:21,530 [DEBUG]- https://itviec.com:443 "GET /it-jobs?page=28 HTTP/1.1" 200 None
2019-08-30 10:52:30,541 [DEBUG]- Starting new HTTPS connection (1): itviec.com:443
2019-08-30 10:52:30,967 [DEBUG]- https://itviec.com:443 "GET /it-jobs?page=29 HTTP/1.1" 200 None
2019-08-30 10:52:41,420 [DEBUG]- Starting new HTTPS connection (1): itviec.com:443
2019-08-30 10:52:41,874 [DEBUG]- https://itviec.com:443 "GET /it-jobs?page=30 HTTP/1.1" 200 None
2019-08-30 10:52:50,399 [DEBUG]- Starting new HTTPS connection (1): itviec.com:443
2019-08-30 10:52:50,821 [DEBUG]- https://itviec.com:443 "GET /it-jobs?page=31 HTTP/1.1" 200 None
2019-08-30 10:52:59,373 [DEBUG]- Starting new HTTPS connection (1): itviec.com:443
2019-08-30 10:52:59,910 [DEBUG]- https://itviec.com:443 "GET /it-jobs?page=32 HTTP/1.1" 200 None
2019-08-30 10:53:08,472 [DEBUG]- Starting new HTTPS connection (1): itviec.com:443
2019-08-30 10:53:08,894 [DEBUG]- https://itviec.com:443 "GET /it-jobs?page=33 HTTP/1.1" 200 None
2019-08-30 10:53:17,391 [DEBUG]- Starting new HTTPS connection (1): itviec.com:443
2019-08-30 10:53:17,833 [DEBUG]- https://itviec.com:443 "GET /it-jobs?page=34 HTTP/1.1" 200 None
2019-08-30 10:53:26,378 [DEBUG]- Starting new HTTPS connection (1): itviec.com:443
2019-08-30 10:53:26,839 [DEBUG]- https://itviec.com:443 "GET /it-jobs?page=35 HTTP/1.1" 200 None
2019-08-30 10:53:35,858 [DEBUG]- Starting new HTTPS connection (1): itviec.com:443
2019-08-30 10:53:36,468 [DEBUG]- https://itviec.com:443 "GET /it-jobs?page=36 HTTP/1.1" 200 None
2019-08-30 10:53:45,143 [DEBUG]- Starting new HTTPS connection (1): itviec.com:443
2019-08-30 10:53:45,518 [DEBUG]- https://itviec.com:443 "GET /it-jobs?page=37 HTTP/1.1" 200 None
2019-08-30 10:53:51,390 [ERROR]- processor-5 :1366 (HY000): Incorrect string value: '\xF0\x9F\x8C\x8FHa...' for column 'why_youll_love' at row 1-https://itviec.com/it-jobs/technical-leader-sr-software-engineer-mykaki-4959
2019-08-30 10:53:54,238 [DEBUG]- Starting new HTTPS connection (1): itviec.com:443
2019-08-30 10:53:54,625 [DEBUG]- https://itviec.com:443 "GET /it-jobs?page=38 HTTP/1.1" 200 None
2019-08-30 10:54:03,169 [DEBUG]- Starting new HTTPS connection (1): itviec.com:443
2019-08-30 10:54:03,669 [DEBUG]- https://itviec.com:443 "GET /it-jobs?page=39 HTTP/1.1" 200 None
2019-08-30 10:54:12,361 [DEBUG]- Starting new HTTPS connection (1): itviec.com:443
2019-08-30 10:54:12,802 [DEBUG]- https://itviec.com:443 "GET /it-jobs?page=40 HTTP/1.1" 200 None
2019-08-30 10:54:20,932 [DEBUG]- Starting new HTTPS connection (1): itviec.com:443
2019-08-30 10:54:21,310 [DEBUG]- https://itviec.com:443 "GET /it-jobs?page=41 HTTP/1.1" 200 None
2019-08-30 10:54:29,992 [DEBUG]- Starting new HTTPS connection (1): itviec.com:443
2019-08-30 10:54:30,388 [DEBUG]- https://itviec.com:443 "GET /it-jobs?page=42 HTTP/1.1" 200 None
2019-08-30 10:54:41,027 [DEBUG]- Starting new HTTPS connection (1): itviec.com:443
2019-08-30 10:54:41,421 [DEBUG]- https://itviec.com:443 "GET /it-jobs?page=43 HTTP/1.1" 200 None
2019-08-30 10:54:48,303 [ERROR]- processor-5 :1366 (HY000): Incorrect string value: '\xF0\x9F\x94\x8B</...' for column 'why_youll_love' at row 1-https://itviec.com/it-jobs/10-net-dev-asp-net-sql-up-to-1500-f88-0952
2019-08-30 10:54:49,581 [DEBUG]- Starting new HTTPS connection (1): itviec.com:443
2019-08-30 10:54:50,054 [DEBUG]- https://itviec.com:443 "GET /it-jobs?page=44 HTTP/1.1" 200 None
2019-08-30 10:54:57,401 [ERROR]- processor-5 :1366 (HY000): Incorrect string value: '\xF0\x9F\x92\xB1 C...' for column 'why_youll_love' at row 1-https://itviec.com/it-jobs/php-developer-fullstack-cloud-devops-personify-incorporation-1202
2019-08-30 10:54:59,773 [DEBUG]- Starting new HTTPS connection (1): itviec.com:443
2019-08-30 10:55:00,184 [DEBUG]- https://itviec.com:443 "GET /it-jobs?page=45 HTTP/1.1" 200 None
2019-08-30 10:55:08,763 [DEBUG]- Starting new HTTPS connection (1): itviec.com:443
2019-08-30 10:55:09,185 [DEBUG]- https://itviec.com:443 "GET /it-jobs?page=46 HTTP/1.1" 200 None
2019-08-30 10:55:19,613 [DEBUG]- Starting new HTTPS connection (1): itviec.com:443
2019-08-30 10:55:19,972 [DEBUG]- https://itviec.com:443 "GET /it-jobs?page=47 HTTP/1.1" 200 None
2019-08-30 10:55:28,458 [DEBUG]- Starting new HTTPS connection (1): itviec.com:443
2019-08-30 10:55:28,911 [DEBUG]- https://itviec.com:443 "GET /it-jobs?page=48 HTTP/1.1" 200 None
2019-08-30 10:55:37,042 [DEBUG]- Starting new HTTPS connection (1): itviec.com:443
2019-08-30 10:55:37,511 [DEBUG]- https://itviec.com:443 "GET /it-jobs?page=49 HTTP/1.1" 200 None
2019-08-30 10:55:45,683 [DEBUG]- Starting new HTTPS connection (1): itviec.com:443
2019-08-30 10:55:46,136 [DEBUG]- https://itviec.com:443 "GET /it-jobs?page=50 HTTP/1.1" 200 None
2019-08-30 10:55:54,460 [DEBUG]- Starting new HTTPS connection (1): itviec.com:443
2019-08-30 10:55:55,027 [DEBUG]- https://itviec.com:443 "GET /it-jobs?page=51 HTTP/1.1" 200 None
2019-08-30 10:56:03,462 [DEBUG]- Starting new HTTPS connection (1): itviec.com:443
2019-08-30 10:56:03,918 [DEBUG]- https://itviec.com:443 "GET /it-jobs?page=52 HTTP/1.1" 200 None
2019-08-30 10:56:12,662 [DEBUG]- Starting new HTTPS connection (1): itviec.com:443
2019-08-30 10:56:13,115 [DEBUG]- https://itviec.com:443 "GET /it-jobs?page=53 HTTP/1.1" 200 None
2019-08-30 10:56:21,816 [DEBUG]- Starting new HTTPS connection (1): itviec.com:443
2019-08-30 10:56:22,191 [DEBUG]- https://itviec.com:443 "GET /it-jobs?page=54 HTTP/1.1" 200 None
2019-08-30 10:56:31,392 [DEBUG]- Starting new HTTPS connection (1): itviec.com:443
2019-08-30 10:56:31,814 [DEBUG]- https://itviec.com:443 "GET /it-jobs?page=55 HTTP/1.1" 200 None
2019-08-30 10:56:42,477 [DEBUG]- Starting new HTTPS connection (1): itviec.com:443
2019-08-30 10:56:42,981 [DEBUG]- https://itviec.com:443 "GET /it-jobs?page=56 HTTP/1.1" 200 None
2019-08-30 10:56:51,137 [DEBUG]- Starting new HTTPS connection (1): itviec.com:443
2019-08-30 10:56:51,612 [DEBUG]- https://itviec.com:443 "GET /it-jobs?page=57 HTTP/1.1" 200 None
2019-08-30 10:57:00,383 [DEBUG]- Starting new HTTPS connection (1): itviec.com:443
2019-08-30 10:57:00,773 [DEBUG]- https://itviec.com:443 "GET /it-jobs?page=58 HTTP/1.1" 200 None
2019-08-30 10:57:09,009 [DEBUG]- Starting new HTTPS connection (1): itviec.com:443
2019-08-30 10:57:09,387 [DEBUG]- https://itviec.com:443 "GET /it-jobs?page=59 HTTP/1.1" 200 None
2019-08-30 10:57:17,712 [DEBUG]- Starting new HTTPS connection (1): itviec.com:443
2019-08-30 10:57:18,107 [DEBUG]- https://itviec.com:443 "GET /it-jobs?page=60 HTTP/1.1" 200 None
2019-08-30 10:57:26,443 [DEBUG]- Starting new HTTPS connection (1): itviec.com:443
2019-08-30 10:57:26,911 [DEBUG]- https://itviec.com:443 "GET /it-jobs?page=61 HTTP/1.1" 200 None
2019-08-30 10:57:35,236 [DEBUG]- Starting new HTTPS connection (1): itviec.com:443
2019-08-30 10:57:35,642 [DEBUG]- https://itviec.com:443 "GET /it-jobs?page=62 HTTP/1.1" 200 None
2019-08-30 10:57:43,976 [DEBUG]- Starting new HTTPS connection (1): itviec.com:443
2019-08-30 10:57:44,366 [DEBUG]- https://itviec.com:443 "GET /it-jobs?page=63 HTTP/1.1" 200 None
2019-08-30 10:57:52,699 [DEBUG]- Starting new HTTPS connection (1): itviec.com:443
2019-08-30 10:57:53,074 [DEBUG]- https://itviec.com:443 "GET /it-jobs?page=64 HTTP/1.1" 200 None
2019-08-30 10:58:01,020 [DEBUG]- Starting new HTTPS connection (1): itviec.com:443
2019-08-30 10:58:01,411 [DEBUG]- https://itviec.com:443 "GET /it-jobs?page=65 HTTP/1.1" 200 None
2019-08-30 10:58:09,601 [DEBUG]- Starting new HTTPS connection (1): itviec.com:443
2019-08-30 10:58:10,046 [DEBUG]- https://itviec.com:443 "GET /it-jobs?page=66 HTTP/1.1" 200 None
2019-08-30 10:58:17,838 [DEBUG]- Starting new HTTPS connection (1): itviec.com:443
2019-08-30 10:58:18,341 [DEBUG]- https://itviec.com:443 "GET /it-jobs?page=67 HTTP/1.1" 200 None
2019-08-30 10:58:26,327 [DEBUG]- Starting new HTTPS connection (1): itviec.com:443
2019-08-30 10:58:26,733 [DEBUG]- https://itviec.com:443 "GET /it-jobs?page=68 HTTP/1.1" 200 None
2019-08-30 10:58:35,446 [DEBUG]- Starting new HTTPS connection (1): itviec.com:443
2019-08-30 10:58:35,824 [DEBUG]- https://itviec.com:443 "GET /it-jobs?page=69 HTTP/1.1" 200 None
2019-08-30 10:58:46,496 [DEBUG]- Starting new HTTPS connection (1): itviec.com:443
2019-08-30 10:58:47,017 [DEBUG]- https://itviec.com:443 "GET /it-jobs?page=70 HTTP/1.1" 200 None
2019-08-30 10:58:54,814 [DEBUG]- Starting new HTTPS connection (1): itviec.com:443
2019-08-30 10:58:55,189 [DEBUG]- https://itviec.com:443 "GET /it-jobs?page=71 HTTP/1.1" 200 None
2019-08-30 10:59:03,516 [DEBUG]- Starting new HTTPS connection (1): itviec.com:443
2019-08-30 10:59:04,016 [DEBUG]- https://itviec.com:443 "GET /it-jobs?page=72 HTTP/1.1" 200 None
2019-08-30 10:59:12,490 [DEBUG]- Starting new HTTPS connection (1): itviec.com:443
2019-08-30 10:59:12,981 [DEBUG]- https://itviec.com:443 "GET /it-jobs?page=73 HTTP/1.1" 200 None
2019-08-30 10:59:20,768 [DEBUG]- Starting new HTTPS connection (1): itviec.com:443
2019-08-30 10:59:21,268 [DEBUG]- https://itviec.com:443 "GET /it-jobs?page=74 HTTP/1.1" 200 None
2019-08-30 10:59:29,988 [DEBUG]- Starting new HTTPS connection (1): itviec.com:443
2019-08-30 10:59:30,476 [DEBUG]- https://itviec.com:443 "GET /it-jobs?page=75 HTTP/1.1" 200 None
2019-08-30 10:59:35,075 [ERROR]- processor-5 :1366 (HY000): Incorrect string value: '\xF0\x9F\x8E\xA5\xE2\x80...' for column 'why_youll_love' at row 1-https://itviec.com/it-jobs/voip-systems-administrator-personify-incorporation-2614
2019-08-30 10:59:39,480 [DEBUG]- Starting new HTTPS connection (1): itviec.com:443
2019-08-30 10:59:39,870 [DEBUG]- https://itviec.com:443 "GET /it-jobs?page=76 HTTP/1.1" 200 None
2019-08-30 10:59:48,165 [DEBUG]- Starting new HTTPS connection (1): itviec.com:443
2019-08-30 10:59:48,544 [DEBUG]- https://itviec.com:443 "GET /it-jobs?page=77 HTTP/1.1" 200 None
2019-08-30 10:59:57,210 [DEBUG]- Starting new HTTPS connection (1): itviec.com:443
2019-08-30 10:59:57,682 [DEBUG]- https://itviec.com:443 "GET /it-jobs?page=78 HTTP/1.1" 200 None
2019-08-30 11:00:05,315 [DEBUG]- Starting new HTTPS connection (1): itviec.com:443
2019-08-30 11:00:05,772 [DEBUG]- https://itviec.com:443 "GET /it-jobs?page=79 HTTP/1.1" 200 None
2019-08-30 11:00:13,278 [DEBUG]- Starting new HTTPS connection (1): itviec.com:443
2019-08-30 11:00:13,532 [DEBUG]- https://itviec.com:443 "GET /it-jobs?page=80 HTTP/1.1" 200 None
2019-08-30 11:04:04,110 [INFO]- ======== RUN CRAWL DATA-2019-08-30 11:04:04.108233 =========
2019-08-30 11:04:04,139 [DEBUG]- Starting new HTTPS connection (1): itviec.com:443
2019-08-30 11:04:04,563 [DEBUG]- https://itviec.com:443 "GET /it-jobs?page=79 HTTP/1.1" 200 None
2019-08-30 11:04:06,294 [DEBUG]- Starting new HTTPS connection (1): itviec.com:443
2019-08-30 11:04:06,627 [DEBUG]- https://itviec.com:443 "GET /it-jobs?page=80 HTTP/1.1" 200 None
2019-08-30 11:04:43,929 [INFO]- ======== RUN CRAWL DATA-2019-08-30 11:04:43.929794 =========
2019-08-30 11:04:43,961 [DEBUG]- Starting new HTTPS connection (1): itviec.com:443
2019-08-30 11:04:44,355 [DEBUG]- https://itviec.com:443 "GET /it-jobs?page=1 HTTP/1.1" 200 None
2019-08-30 11:04:53,655 [ERROR]- processor-6 :no connection :1273 (HY000): Unknown collation: 'utf8mb4_0900_ai_ci'
2019-08-30 11:09:35,069 [INFO]- ======== RUN CRAWL DATA-2019-08-30 11:09:35.068874 =========
2019-08-30 11:09:35,089 [DEBUG]- Starting new HTTPS connection (1): itviec.com:443
2019-08-30 11:09:35,571 [DEBUG]- https://itviec.com:443 "GET /it-jobs?page=1 HTTP/1.1" 200 None
2019-08-30 11:09:45,806 [ERROR]- processor-6 :no connection :Character set 'utf8mb4_unicode_520_ci' unsupported.
2019-08-30 11:16:45,616 [INFO]- ======== RUN CRAWL DATA-2019-08-30 11:16:45.616163 =========
2019-08-30 11:16:45,631 [DEBUG]- Starting new HTTPS connection (1): itviec.com:443
2019-08-30 11:16:46,123 [DEBUG]- https://itviec.com:443 "GET /it-jobs?page=1 HTTP/1.1" 200 None
2019-08-30 11:18:10,178 [ERROR]- processor-6 :no connection :1273 (HY000): Unknown collation: 'utf8mb4_0900_ai_ci'
2019-08-30 11:19:29,643 [INFO]- ======== RUN CRAWL DATA-2019-08-30 11:19:29.643096 =========
2019-08-30 11:19:29,674 [DEBUG]- Starting new HTTPS connection (1): itviec.com:443
2019-08-30 11:19:30,293 [DEBUG]- https://itviec.com:443 "GET /it-jobs?page=1 HTTP/1.1" 200 None
2019-08-30 11:19:35,897 [ERROR]- processor-6 :no connection :1273 (HY000): Unknown collation: 'utf8mb4_0900_ai_ci'
2019-08-30 11:22:09,894 [INFO]- ======== RUN CRAWL DATA-2019-08-30 11:22:09.894120 =========
2019-08-30 11:22:09,925 [DEBUG]- Starting new HTTPS connection (1): itviec.com:443
2019-08-30 11:22:10,405 [DEBUG]- https://itviec.com:443 "GET /it-jobs?page=1 HTTP/1.1" 200 None
2019-08-30 11:22:15,349 [ERROR]- processor-6 :no connection :1273 (HY000): Unknown collation: 'utf8mb4_0900_ai_ci'
2019-08-30 11:29:58,817 [INFO]- ======== RUN CRAWL DATA-2019-08-30 11:29:58.817670 =========
2019-08-30 11:29:58,864 [DEBUG]- Starting new HTTPS connection (1): itviec.com:443
2019-08-30 11:29:59,251 [DEBUG]- https://itviec.com:443 "GET /it-jobs?page=1 HTTP/1.1" 200 None
2019-08-30 11:30:04,947 [ERROR]- processor-6 :no connection :1273 (HY000): Unknown collation: 'utf8mb4_0900_ai_ci'
2019-08-30 11:30:48,180 [INFO]- ======== RUN CRAWL DATA-2019-08-30 11:30:48.179077 =========
2019-08-30 11:30:48,196 [DEBUG]- Starting new HTTPS connection (1): itviec.com:443
2019-08-30 11:30:48,623 [DEBUG]- https://itviec.com:443 "GET /it-jobs?page=1 HTTP/1.1" 200 None
2019-08-30 11:30:58,296 [ERROR]- processor-5 :1366 (HY000): Incorrect string value: '\xF0\x9F\x94\x8B</...' for column 'why_youll_love' at row 1-https://itviec.com/it-jobs/10-net-dev-asp-net-sql-up-to-1500-f88-0952
2019-08-30 11:53:12,073 [INFO]- ======== RUN CRAWL DATA-2019-08-30 11:53:12.073695 =========
2019-08-30 11:53:12,104 [DEBUG]- Starting new HTTPS connection (1): itviec.com:443
2019-08-30 11:53:12,540 [DEBUG]- https://itviec.com:443 "GET /it-jobs?page=1 HTTP/1.1" 200 None
2019-08-30 11:53:19,017 [ERROR]- processor-6 :no connection :Unsupported argument 'COLLATE'
2019-08-30 11:56:04,818 [INFO]- ======== RUN CRAWL DATA-2019-08-30 11:56:04.815859 =========
2019-08-30 11:56:04,854 [DEBUG]- Starting new HTTPS connection (1): itviec.com:443
2019-08-30 11:56:05,282 [DEBUG]- https://itviec.com:443 "GET /it-jobs?page=1 HTTP/1.1" 200 None
2019-08-30 11:59:05,271 [INFO]- ======== RUN CRAWL DATA-2019-08-30 11:59:05.271182 =========
2019-08-30 11:59:05,302 [DEBUG]- Starting new HTTPS connection (1): itviec.com:443
2019-08-30 11:59:05,709 [DEBUG]- https://itviec.com:443 "GET /it-jobs?page=1 HTTP/1.1" 200 None
2019-08-30 13:00:01,002 [INFO]- 
======== RUN CRAWL DATA-2019-08-30 13:00:01.002449 =========
2019-08-30 13:00:01,002 [DEBUG]- Starting new HTTPS connection (1): itviec.com:443
2019-08-30 13:00:12,412 [DEBUG]- https://itviec.com:443 "GET /it-jobs?page=2 HTTP/1.1" 200 None
2019-08-30 13:00:21,599 [DEBUG]- Starting new HTTPS connection (1): itviec.com:443
2019-08-30 13:00:22,083 [DEBUG]- https://itviec.com:443 "GET /it-jobs?page=3 HTTP/1.1" 200 None
2019-08-30 13:00:31,247 [DEBUG]- Starting new HTTPS connection (1): itviec.com:443
2019-08-30 13:00:31,638 [DEBUG]- https://itviec.com:443 "GET /it-jobs?page=4 HTTP/1.1" 200 None
2019-08-30 13:00:42,684 [DEBUG]- Starting new HTTPS connection (1): itviec.com:443
2019-08-30 13:00:43,101 [DEBUG]- https://itviec.com:443 "GET /it-jobs?page=5 HTTP/1.1" 200 None
2019-08-30 13:00:51,863 [DEBUG]- Starting new HTTPS connection (1): itviec.com:443
2019-08-30 13:00:52,332 [DEBUG]- https://itviec.com:443 "GET /it-jobs?page=6 HTTP/1.1" 200 None
2019-08-30 13:01:01,586 [DEBUG]- Starting new HTTPS connection (1): itviec.com:443
2019-08-30 13:01:02,091 [DEBUG]- https://itviec.com:443 "GET /it-jobs?page=7 HTTP/1.1" 200 None
2019-08-30 13:01:10,805 [DEBUG]- Starting new HTTPS connection (1): itviec.com:443
2019-08-30 13:01:11,296 [DEBUG]- https://itviec.com:443 "GET /it-jobs?page=8 HTTP/1.1" 200 None
2019-08-30 13:01:20,415 [DEBUG]- Starting new HTTPS connection (1): itviec.com:443
2019-08-30 13:01:20,837 [DEBUG]- https://itviec.com:443 "GET /it-jobs?page=9 HTTP/1.1" 200 None
2019-08-30 13:01:29,859 [DEBUG]- Starting new HTTPS connection (1): itviec.com:443
2019-08-30 13:01:30,239 [DEBUG]- https://itviec.com:443 "GET /it-jobs?page=10 HTTP/1.1" 200 None
