[INFO] [2019-07-18 22:54:57,055] - Connected to MySQL database... MySQL Server version on 5.7.26
[DEBUG] [2019-07-18 22:54:57,062] - Starting new HTTPS connection (1): kenhtuyensinh.com.vn:443
[DEBUG] [2019-07-18 22:54:57,512] - https://kenhtuyensinh.com.vn:443 "POST /university/viewmore HTTP/1.1" 200 None
[WARNING] [2019-07-18 22:55:24,928] - 1048 (23000): Column 'city' cannot be null
[ERROR] [2019-07-18 22:55:24,928] - error insert :https://kenhtuyensinh.com.vn/dai-hoc-dau-khi-viet-nam-u-192
[INFO] [2019-07-18 22:55:27,262] - close the connection database
[INFO] [2019-07-18 22:57:53,327] - Connected to MySQL database... MySQL Server version on 5.7.26
[DEBUG] [2019-07-18 22:57:53,334] - Starting new HTTPS connection (1): kenhtuyensinh.com.vn:443
[DEBUG] [2019-07-18 22:57:53,624] - https://kenhtuyensinh.com.vn:443 "POST /university/viewmore HTTP/1.1" 200 None
[WARNING] [2019-07-18 22:57:54,373] - 1048 (23000): Column 'city' cannot be null
[ERROR] [2019-07-18 22:57:54,374] - error insert :https://kenhtuyensinh.com.vn/dai-hoc-dau-khi-viet-nam-u-192
[DEBUG] [2019-07-18 22:57:54,378] - Starting new HTTPS connection (1): kenhtuyensinh.com.vn:443
[DEBUG] [2019-07-18 22:57:54,807] - https://kenhtuyensinh.com.vn:443 "POST /university/viewmore HTTP/1.1" 200 None
[DEBUG] [2019-07-18 22:58:24,755] - Starting new HTTPS connection (1): kenhtuyensinh.com.vn:443
[DEBUG] [2019-07-18 22:58:25,192] - https://kenhtuyensinh.com.vn:443 "POST /university/viewmore HTTP/1.1" 200 None
[DEBUG] [2019-07-18 22:58:55,000] - Starting new HTTPS connection (1): kenhtuyensinh.com.vn:443
[DEBUG] [2019-07-18 22:58:55,418] - https://kenhtuyensinh.com.vn:443 "POST /university/viewmore HTTP/1.1" 200 None
[DEBUG] [2019-07-18 22:59:26,390] - Starting new HTTPS connection (1): kenhtuyensinh.com.vn:443
[DEBUG] [2019-07-18 22:59:26,847] - https://kenhtuyensinh.com.vn:443 "POST /university/viewmore HTTP/1.1" 200 None
[WARNING] [2019-07-18 22:59:29,476] - 1048 (23000): Column 'city' cannot be null
[ERROR] [2019-07-18 22:59:29,477] - error insert :https://kenhtuyensinh.com.vn/dai-hoc-ba-ria-vung-tau-u-8
[DEBUG] [2019-07-18 22:59:58,248] - Starting new HTTPS connection (1): kenhtuyensinh.com.vn:443
[DEBUG] [2019-07-18 22:59:58,684] - https://kenhtuyensinh.com.vn:443 "POST /university/viewmore HTTP/1.1" 200 None
[INFO] [2019-07-18 23:00:20,779] - close the connection database
